<?xml version="1.0" encoding="UTF-8"?>
<!-- Generated by org.testng.reporters.JUnitReportReporter -->
<testsuite hostname="DESKTOP-8DPVRQ3" failures="0" tests="1" name="com.selenium.HRMDemoTestNG.VerifyLogin" time="7.690" errors="0" timestamp="2021-06-14T11:17:25 IST" skipped="0">
  <testcase classname="com.selenium.HRMDemoTestNG.VerifyLogin" name="verifyLoginWithCorrectCredentials" time="7.690"/>
  <system-out/>
</testsuite> <!-- com.selenium.HRMDemoTestNG.VerifyLogin -->
