<?xml version="1.0" encoding="UTF-8"?>
<!-- Generated by org.testng.reporters.JUnitReportReporter -->
<testsuite hostname="DESKTOP-8DPVRQ3" failures="0" tests="1" name="com.selenium.HRMDemoTestNG.VerifyUserManagementPage" time="0.009" errors="0" timestamp="2021-06-17T13:18:00 IST" skipped="0">
  <testcase classname="com.selenium.HRMDemoTestNG.VerifyUserManagementPage" name="verifyAddUser" time="0.009"/>
  <system-out/>
</testsuite> <!-- com.selenium.HRMDemoTestNG.VerifyUserManagementPage -->
